  [4;36;1mSQL (0.0ms)[0m   [0;1m SELECT name
 FROM sqlite_master
 WHERE type = 'table' AND NOT name = 'sqlite_sequence'
[0m
  [4;35;1mSQL (0.0ms)[0m   [0mselect sqlite_version(*)[0m
  [4;36;1mSQL (62.5ms)[0m   [0;1mCREATE TABLE "schema_migrations" ("version" varchar(255) NOT NULL) [0m
  [4;35;1mSQL (62.5ms)[0m   [0mCREATE UNIQUE INDEX "unique_schema_migrations" ON "schema_migrations" ("version")[0m
  [4;36;1mSQL (0.0ms)[0m   [0;1m SELECT name
 FROM sqlite_master
 WHERE type = 'table' AND NOT name = 'sqlite_sequence'
[0m
  [4;35;1mSQL (0.0ms)[0m   [0mSELECT version FROM schema_migrations[0m
Migrating to CreateProducts (20110813024622)
  [4;36;1mSQL (78.1ms)[0m   [0;1mCREATE TABLE "products" ("id" INTEGER PRIMARY KEY AUTOINCREMENT NOT NULL, "title" varchar(255), "description" text, "image_url" varchar(255), "created_at" datetime, "updated_at" datetime) [0m
  [4;35;1mSQL (62.5ms)[0m   [0mINSERT INTO schema_migrations (version) VALUES ('20110813024622')[0m
  [4;36;1mSQL (0.0ms)[0m   [0;1m SELECT name
 FROM sqlite_master
 WHERE type = 'table' AND NOT name = 'sqlite_sequence'
[0m
  [4;35;1mSQL (0.0ms)[0m   [0mSELECT version FROM schema_migrations[0m
  [4;36;1mSQL (0.0ms)[0m   [0;1m SELECT name
 FROM sqlite_master
 WHERE type = 'table' AND NOT name = 'sqlite_sequence'
[0m
  [4;35;1mSQL (0.0ms)[0m   [0mPRAGMA index_list("products")[0m


Processing ProductsController#index (for 127.0.0.1 at 2011-08-13 11:06:21) [GET]
  [4;36;1mProduct Load (0.0ms)[0m   [0;1mSELECT * FROM "products" [0m
Rendering template within layouts/products
Rendering products/index
Completed in 16ms (View: 16, DB: 0) | 200 OK [http://localhost/products]


Processing ProductsController#new (for 127.0.0.1 at 2011-08-13 11:13:26) [GET]
Rendering template within layouts/products
Rendering products/new
Completed in 16ms (View: 16, DB: 0) | 200 OK [http://localhost/products/new]


Processing ProductsController#create (for 127.0.0.1 at 2011-08-13 11:15:24) [POST]
  Parameters: {"commit"=>"Create", "authenticity_token"=>"4d399d0f428abcdb5aa701076fa059cc4d9c0bb5", "product"=>{"image_url"=>"/images/svn.jpg", "title"=>"Pragmatic Version Control", "description"=>"<p>\r\nThis book is a recipe-based approach to\r\nusing Subversion that will get you up\r\nand running quickly---and correctly.All\r\nprojects need version control:it's a\r\nfoundational piece of any project's"}}
  [4;35;1mProduct Create (0.0ms)[0m   [0mINSERT INTO "products" ("created_at", "title", "image_url", "updated_at", "description") VALUES('2011-08-13 03:15:24', 'Pragmatic Version Control', '/images/svn.jpg', '2011-08-13 03:15:24', '<p>
This book is a recipe-based approach to
using Subversion that will get you up
and running quickly---and correctly.All
projects need version control:it''s a
foundational piece of any project''s')[0m
Redirected to #<Product:0x48b1b28>
Completed in 78ms (DB: 0) | 302 Found [http://localhost/products]


Processing ProductsController#show (for 127.0.0.1 at 2011-08-13 11:15:24) [GET]
  Parameters: {"id"=>"1"}
  [4;36;1mProduct Load (0.0ms)[0m   [0;1mSELECT * FROM "products" WHERE ("products"."id" = 1) [0m
Rendering template within layouts/products
Rendering products/show
Completed in 16ms (View: 16, DB: 0) | 200 OK [http://localhost/products/1]


Processing ProductsController#index (for 127.0.0.1 at 2011-08-13 11:17:26) [GET]
  [4;35;1mProduct Load (0.0ms)[0m   [0mSELECT * FROM "products" [0m
Rendering template within layouts/products
Rendering products/index
Completed in 16ms (View: 0, DB: 0) | 200 OK [http://localhost/products]
  [4;36;1mSQL (0.0ms)[0m   [0;1m SELECT name
 FROM sqlite_master
 WHERE type = 'table' AND NOT name = 'sqlite_sequence'
[0m
  [4;35;1mSQL (0.0ms)[0m   [0mSELECT version FROM schema_migrations[0m
Migrating to CreateProducts (20110813024622)
Migrating to AddPriceToProduct (20110813032056)
  [4;36;1mSQL (0.0ms)[0m   [0;1mselect sqlite_version(*)[0m
  [4;35;1mSQL (62.5ms)[0m   [0mALTER TABLE "products" ADD "price" decimal(8,2) DEFAULT 0[0m
  [4;36;1mSQL (78.1ms)[0m   [0;1mVACUUM[0m
  [4;35;1mSQL (78.1ms)[0m   [0mINSERT INTO schema_migrations (version) VALUES ('20110813032056')[0m
  [4;36;1mSQL (0.0ms)[0m   [0;1m SELECT name
 FROM sqlite_master
 WHERE type = 'table' AND NOT name = 'sqlite_sequence'
[0m
  [4;35;1mSQL (0.0ms)[0m   [0mSELECT version FROM schema_migrations[0m
  [4;36;1mSQL (0.0ms)[0m   [0;1m SELECT name
 FROM sqlite_master
 WHERE type = 'table' AND NOT name = 'sqlite_sequence'
[0m
  [4;35;1mSQL (0.0ms)[0m   [0mPRAGMA index_list("products")[0m


Processing ProductsController#index (for 127.0.0.1 at 2011-08-13 13:43:53) [GET]
  [4;36;1mProduct Load (15.6ms)[0m   [0;1mSELECT * FROM "products" [0m
Rendering template within layouts/products
Rendering products/index
Completed in 62ms (View: 31, DB: 16) | 200 OK [http://localhost/products]


Processing ProductsController#new (for 127.0.0.1 at 2011-08-13 13:43:59) [GET]
Rendering template within layouts/products
Rendering products/new
Completed in 16ms (View: 16, DB: 0) | 200 OK [http://localhost/products/new]


Processing ProductsController#edit (for 127.0.0.1 at 2011-08-13 13:44:06) [GET]
  Parameters: {"id"=>"1"}
  [4;35;1mProduct Load (0.0ms)[0m   [0mSELECT * FROM "products" WHERE ("products"."id" = 1) [0m
Rendering template within layouts/products
Rendering products/edit
Completed in 16ms (View: 0, DB: 0) | 200 OK [http://localhost/products/1/edit]


Processing ProductsController#show (for 127.0.0.1 at 2011-08-13 13:44:12) [GET]
  Parameters: {"id"=>"1"}
  [4;36;1mProduct Load (0.0ms)[0m   [0;1mSELECT * FROM "products" WHERE ("products"."id" = 1) [0m
Rendering template within layouts/products
Rendering products/show
Completed in 16ms (View: 0, DB: 0) | 200 OK [http://localhost/products/1]


Processing ProductsController#new (for 127.0.0.1 at 2011-08-13 13:44:18) [GET]
Rendering template within layouts/products
Rendering products/new
Completed in 16ms (View: 16, DB: 0) | 200 OK [http://localhost/products/new]


Processing ProductsController#new (for 127.0.0.1 at 2011-08-13 13:44:48) [GET]
Rendering template within layouts/products
Rendering products/new
Completed in 16ms (View: 0, DB: 0) | 200 OK [http://localhost/products/new]


Processing ProductsController#new (for 127.0.0.1 at 2011-08-13 13:44:50) [GET]
Rendering template within layouts/products
Rendering products/new
Completed in 31ms (View: 16, DB: 0) | 200 OK [http://localhost/products/new]


Processing ProductsController#new (for 127.0.0.1 at 2011-08-13 13:44:51) [GET]
Rendering template within layouts/products
Rendering products/new
Completed in 16ms (View: 16, DB: 0) | 200 OK [http://localhost/products/new]


Processing ProductsController#index (for 127.0.0.1 at 2011-08-13 13:48:53) [GET]
  [4;35;1mProduct Load (0.0ms)[0m   [0mSELECT * FROM "products" [0m
Rendering template within layouts/products
Rendering products/index
Completed in 31ms (View: 16, DB: 0) | 200 OK [http://localhost/products]


Processing ProductsController#index (for 127.0.0.1 at 2011-08-13 13:49:07) [GET]
  [4;36;1mProduct Load (0.0ms)[0m   [0;1mSELECT * FROM "products" [0m
Rendering template within layouts/products
Rendering products/index
Completed in 16ms (View: 16, DB: 0) | 200 OK [http://localhost/products]


Processing ProductsController#index (for 127.0.0.1 at 2011-08-13 14:11:42) [GET]
  [4;35;1mProduct Load (0.0ms)[0m   [0mSELECT * FROM "products" [0m
Rendering template within layouts/products
Rendering products/index
Completed in 78ms (View: 78, DB: 0) | 200 OK [http://localhost/products]


Processing ProductsController#new (for 127.0.0.1 at 2011-08-13 14:11:43) [GET]
Rendering template within layouts/products
Rendering products/new
Completed in 16ms (View: 0, DB: 0) | 200 OK [http://localhost/products/new]


Processing ProductsController#create (for 127.0.0.1 at 2011-08-13 14:11:45) [POST]
  Parameters: {"commit"=>"Create", "authenticity_token"=>"4d399d0f428abcdb5aa701076fa059cc4d9c0bb5", "product"=>{"price"=>"0.0", "image_url"=>"", "title"=>"", "description"=>""}}
  [4;36;1mProduct Exists (0.0ms)[0m   [0;1mSELECT "products".id FROM "products" WHERE ("products"."title" = '') LIMIT 1[0m
Rendering template within layouts/products
Rendering products/new
Completed in 125ms (View: 0, DB: 0) | 200 OK [http://localhost/products]
  [4;36;1mSQL (0.0ms)[0m   [0;1m SELECT name
 FROM sqlite_master
 WHERE type = 'table' AND NOT name = 'sqlite_sequence'
[0m
  [4;35;1mSQL (0.0ms)[0m   [0mSELECT version FROM schema_migrations[0m
Migrating to AddTestData (20080601000003)
  [4;36;1mProduct Delete all (78.1ms)[0m   [0;1mDELETE FROM "products" WHERE 1=1[0m
  [4;35;1mProduct Exists (0.0ms)[0m   [0mSELECT "products".id FROM "products" WHERE ("products"."title" = 'Pragmatic Project Automation') LIMIT 1[0m
  [4;36;1mProduct Exists (0.0ms)[0m   [0;1mSELECT "products".id FROM "products" WHERE ("products"."title" = 'Pragmatic Version Control') LIMIT 1[0m
  [4;35;1mProduct Exists (0.0ms)[0m   [0mSELECT "products".id FROM "products" WHERE ("products"."title" = 'Pragmatic Unit Testing (C#)') LIMIT 1[0m
  [4;36;1mSQL (78.1ms)[0m   [0;1mINSERT INTO schema_migrations (version) VALUES ('20080601000003')[0m
Migrating to CreateProducts (20110813024622)
Migrating to AddPriceToProduct (20110813032056)
  [4;35;1mSQL (0.0ms)[0m   [0mselect sqlite_version(*)[0m
  [4;36;1mSQL (0.0ms)[0m   [0;1m SELECT name
 FROM sqlite_master
 WHERE type = 'table' AND NOT name = 'sqlite_sequence'
[0m
  [4;35;1mSQL (0.0ms)[0m   [0mSELECT version FROM schema_migrations[0m
  [4;36;1mSQL (0.0ms)[0m   [0;1m SELECT name
 FROM sqlite_master
 WHERE type = 'table' AND NOT name = 'sqlite_sequence'
[0m
  [4;35;1mSQL (0.0ms)[0m   [0mPRAGMA index_list("products")[0m


Processing ProductsController#index (for 127.0.0.1 at 2011-08-13 15:10:25) [GET]
  [4;35;1mProduct Load (78.1ms)[0m   [0mSELECT * FROM "products" [0m
Rendering template within layouts/products
Rendering products/index
Completed in 1109ms (View: 344, DB: 78) | 200 OK [http://localhost/products]
  [4;36;1mSQL (0.0ms)[0m   [0;1m SELECT name
 FROM sqlite_master
 WHERE type = 'table' AND NOT name = 'sqlite_sequence'
[0m
  [4;35;1mSQL (0.0ms)[0m   [0mSELECT version FROM schema_migrations[0m
Migrating to AddTestData (20080601000003)
Migrating to CreateProducts (20110813024622)
Migrating to AddPriceToProduct (20110813032056)
  [4;36;1mSQL (0.0ms)[0m   [0;1mselect sqlite_version(*)[0m
  [4;35;1mSQL (0.0ms)[0m   [0m SELECT name
 FROM sqlite_master
 WHERE type = 'table' AND NOT name = 'sqlite_sequence'
[0m
  [4;36;1mSQL (0.0ms)[0m   [0;1mSELECT version FROM schema_migrations[0m
  [4;35;1mSQL (0.0ms)[0m   [0m SELECT name
 FROM sqlite_master
 WHERE type = 'table' AND NOT name = 'sqlite_sequence'
[0m
  [4;36;1mSQL (0.0ms)[0m   [0;1mPRAGMA index_list("products")[0m


Processing ProductsController#index (for 127.0.0.1 at 2011-08-13 15:15:35) [GET]
  [4;36;1mProduct Load (31.2ms)[0m   [0;1mSELECT * FROM "products" [0m
Rendering template within layouts/products
Rendering products/index
Completed in 156ms (View: 62, DB: 31) | 200 OK [http://localhost/products]


Processing ProductsController#index (for 127.0.0.1 at 2011-08-13 15:15:36) [GET]
  [4;35;1mProduct Load (0.0ms)[0m   [0mSELECT * FROM "products" [0m
Rendering template within layouts/products
Rendering products/index
Completed in 62ms (View: 31, DB: 0) | 200 OK [http://localhost/products]


Processing ProductsController#index (for 127.0.0.1 at 2011-08-13 15:15:38) [GET]
  [4;36;1mProduct Load (0.0ms)[0m   [0;1mSELECT * FROM "products" [0m
Rendering template within layouts/products
Rendering products/index
Completed in 62ms (View: 16, DB: 0) | 200 OK [http://localhost/products]
  [4;36;1mSQL (0.0ms)[0m   [0;1m SELECT name
 FROM sqlite_master
 WHERE type = 'table' AND NOT name = 'sqlite_sequence'
[0m
  [4;35;1mSQL (0.0ms)[0m   [0mSELECT version FROM schema_migrations[0m
  [4;36;1mSQL (0.0ms)[0m   [0;1m SELECT name
 FROM sqlite_master
 WHERE type = 'table' AND NOT name = 'sqlite_sequence'
[0m
  [4;35;1mSQL (0.0ms)[0m   [0mSELECT version FROM schema_migrations[0m
Migrating to AddPriceToProduct (20110813032056)
  [4;36;1mSQL (0.0ms)[0m   [0;1mselect sqlite_version(*)[0m
  [4;35;1mSQL (0.0ms)[0m   [0mCREATE TEMPORARY TABLE "altered_products" ("id" INTEGER PRIMARY KEY AUTOINCREMENT NOT NULL, "title" varchar(255), "description" text, "image_url" varchar(255), "created_at" datetime, "updated_at" datetime, "price" decimal DEFAULT 0.0) [0m
  [4;36;1mSQL (0.0ms)[0m   [0;1mPRAGMA index_list("products")[0m
  [4;35;1mSQL (15.6ms)[0m   [0mDROP TABLE "products"[0m
  [4;36;1mSQL (0.0ms)[0m   [0;1mCREATE TABLE "products" ("id" INTEGER PRIMARY KEY AUTOINCREMENT NOT NULL, "title" varchar(255), "description" text, "image_url" varchar(255), "created_at" datetime, "updated_at" datetime) [0m
  [4;35;1mSQL (0.0ms)[0m   [0mPRAGMA index_list("altered_products")[0m
  [4;36;1mSQL (0.0ms)[0m   [0;1mDROP TABLE "altered_products"[0m
  [4;35;1mSQL (62.5ms)[0m   [0mDELETE FROM schema_migrations WHERE version = '20110813032056'[0m
  [4;36;1mSQL (0.0ms)[0m   [0;1m SELECT name
 FROM sqlite_master
 WHERE type = 'table' AND NOT name = 'sqlite_sequence'
[0m
  [4;35;1mSQL (0.0ms)[0m   [0mSELECT version FROM schema_migrations[0m
  [4;36;1mSQL (0.0ms)[0m   [0;1m SELECT name
 FROM sqlite_master
 WHERE type = 'table' AND NOT name = 'sqlite_sequence'
[0m
  [4;35;1mSQL (0.0ms)[0m   [0mPRAGMA index_list("products")[0m
  [4;36;1mSQL (0.0ms)[0m   [0;1m SELECT name
 FROM sqlite_master
 WHERE type = 'table' AND NOT name = 'sqlite_sequence'
[0m
  [4;35;1mSQL (0.0ms)[0m   [0mSELECT version FROM schema_migrations[0m
Migrating to AddTestData (20080601000003)
Migrating to CreateProducts (20110813024622)
Migrating to AddPriceToProduct (20110813032056)
  [4;36;1mSQL (46.9ms)[0m   [0;1mALTER TABLE "products" ADD "price" decimal(8,2) DEFAULT 0[0m
  [4;35;1mSQL (78.1ms)[0m   [0mVACUUM[0m
  [4;36;1mSQL (78.1ms)[0m   [0;1mINSERT INTO schema_migrations (version) VALUES ('20110813032056')[0m
  [4;36;1mSQL (0.0ms)[0m   [0;1m SELECT name
 FROM sqlite_master
 WHERE type = 'table' AND NOT name = 'sqlite_sequence'
[0m
  [4;35;1mSQL (0.0ms)[0m   [0mSELECT version FROM schema_migrations[0m
  [4;36;1mSQL (0.0ms)[0m   [0;1m SELECT name
 FROM sqlite_master
 WHERE type = 'table' AND NOT name = 'sqlite_sequence'
[0m
  [4;35;1mSQL (0.0ms)[0m   [0mSELECT version FROM schema_migrations[0m
Migrating to AddPriceToProduct (20110813032056)
  [4;36;1mSQL (0.0ms)[0m   [0;1mselect sqlite_version(*)[0m
  [4;35;1mSQL (0.0ms)[0m   [0mCREATE TEMPORARY TABLE "altered_products" ("id" INTEGER PRIMARY KEY AUTOINCREMENT NOT NULL, "title" varchar(255), "description" text, "image_url" varchar(255), "created_at" datetime, "updated_at" datetime, "price" decimal DEFAULT 0.0) [0m
  [4;36;1mSQL (0.0ms)[0m   [0;1mPRAGMA index_list("products")[0m
  [4;35;1mSQL (0.0ms)[0m   [0mDROP TABLE "products"[0m
  [4;36;1mSQL (0.0ms)[0m   [0;1mCREATE TABLE "products" ("id" INTEGER PRIMARY KEY AUTOINCREMENT NOT NULL, "title" varchar(255), "description" text, "image_url" varchar(255), "created_at" datetime, "updated_at" datetime) [0m
  [4;35;1mSQL (0.0ms)[0m   [0mPRAGMA index_list("altered_products")[0m
  [4;36;1mSQL (0.0ms)[0m   [0;1mDROP TABLE "altered_products"[0m
  [4;35;1mSQL (93.8ms)[0m   [0mDELETE FROM schema_migrations WHERE version = '20110813032056'[0m
  [4;36;1mSQL (0.0ms)[0m   [0;1m SELECT name
 FROM sqlite_master
 WHERE type = 'table' AND NOT name = 'sqlite_sequence'
[0m
  [4;35;1mSQL (0.0ms)[0m   [0mSELECT version FROM schema_migrations[0m
  [4;36;1mSQL (0.0ms)[0m   [0;1m SELECT name
 FROM sqlite_master
 WHERE type = 'table' AND NOT name = 'sqlite_sequence'
[0m
  [4;35;1mSQL (0.0ms)[0m   [0mPRAGMA index_list("products")[0m
  [4;36;1mSQL (0.0ms)[0m   [0;1m SELECT name
 FROM sqlite_master
 WHERE type = 'table' AND NOT name = 'sqlite_sequence'
[0m
  [4;35;1mSQL (0.0ms)[0m   [0mSELECT version FROM schema_migrations[0m
Migrating to AddTestData (20080601000003)
Migrating to CreateProducts (20110813024622)
Migrating to AddPriceToProduct (20110813032056)
  [4;36;1mSQL (46.9ms)[0m   [0;1mALTER TABLE "products" ADD "price" decimal(8,2) DEFAULT 0[0m
  [4;35;1mSQL (78.1ms)[0m   [0mVACUUM[0m
  [4;36;1mSQL (78.1ms)[0m   [0;1mINSERT INTO schema_migrations (version) VALUES ('20110813032056')[0m
  [4;36;1mSQL (0.0ms)[0m   [0;1m SELECT name
 FROM sqlite_master
 WHERE type = 'table' AND NOT name = 'sqlite_sequence'
[0m
  [4;35;1mSQL (0.0ms)[0m   [0mSELECT version FROM schema_migrations[0m
  [4;36;1mSQL (0.0ms)[0m   [0;1m SELECT name
 FROM sqlite_master
 WHERE type = 'table' AND NOT name = 'sqlite_sequence'
[0m
  [4;35;1mSQL (0.0ms)[0m   [0mSELECT version FROM schema_migrations[0m
Migrating to AddPriceToProduct (20110813032056)
  [4;36;1mSQL (0.0ms)[0m   [0;1mselect sqlite_version(*)[0m
  [4;35;1mSQL (0.0ms)[0m   [0mCREATE TEMPORARY TABLE "altered_products" ("id" INTEGER PRIMARY KEY AUTOINCREMENT NOT NULL, "title" varchar(255), "description" text, "image_url" varchar(255), "created_at" datetime, "updated_at" datetime, "price" decimal DEFAULT 0.0) [0m
  [4;36;1mSQL (0.0ms)[0m   [0;1mPRAGMA index_list("products")[0m
  [4;35;1mSQL (0.0ms)[0m   [0mDROP TABLE "products"[0m
  [4;36;1mSQL (0.0ms)[0m   [0;1mCREATE TABLE "products" ("id" INTEGER PRIMARY KEY AUTOINCREMENT NOT NULL, "title" varchar(255), "description" text, "image_url" varchar(255), "created_at" datetime, "updated_at" datetime) [0m
  [4;35;1mSQL (0.0ms)[0m   [0mPRAGMA index_list("altered_products")[0m
  [4;36;1mSQL (0.0ms)[0m   [0;1mDROP TABLE "altered_products"[0m
  [4;35;1mSQL (62.5ms)[0m   [0mDELETE FROM schema_migrations WHERE version = '20110813032056'[0m
Migrating to CreateProducts (20110813024622)
  [4;36;1mSQL (62.5ms)[0m   [0;1mDROP TABLE "products"[0m
  [4;35;1mSQL (62.5ms)[0m   [0mDELETE FROM schema_migrations WHERE version = '20110813024622'[0m
Migrating to AddTestData (20080601000003)
  [4;36;1mProduct Delete all (0.0ms)[0m   [0;1mSQLite3::SQLException: no such table: products: DELETE FROM "products" WHERE 1=1[0m
  [4;36;1mSQL (0.0ms)[0m   [0;1m SELECT name
 FROM sqlite_master
 WHERE type = 'table' AND NOT name = 'sqlite_sequence'
[0m
  [4;35;1mSQL (0.0ms)[0m   [0mSELECT version FROM schema_migrations[0m
  [4;36;1mSQL (0.0ms)[0m   [0;1m SELECT name
 FROM sqlite_master
 WHERE type = 'table' AND NOT name = 'sqlite_sequence'
[0m
  [4;35;1mSQL (0.0ms)[0m   [0mSELECT version FROM schema_migrations[0m
Migrating to AddTestData (20080601000003)
  [4;36;1mProduct Delete all (0.0ms)[0m   [0;1mSQLite3::SQLException: no such table: products: DELETE FROM "products" WHERE 1=1[0m
  [4;36;1mSQL (0.0ms)[0m   [0;1m SELECT name
 FROM sqlite_master
 WHERE type = 'table' AND NOT name = 'sqlite_sequence'
[0m
  [4;35;1mSQL (0.0ms)[0m   [0mSELECT version FROM schema_migrations[0m
  [4;36;1mSQL (0.0ms)[0m   [0;1m SELECT name
 FROM sqlite_master
 WHERE type = 'table' AND NOT name = 'sqlite_sequence'
[0m
  [4;35;1mSQL (0.0ms)[0m   [0mSELECT version FROM schema_migrations[0m
Migrating to AddTestData (20080601000003)
  [4;36;1mProduct Delete all (0.0ms)[0m   [0;1mSQLite3::SQLException: no such table: products: DELETE FROM "products" WHERE 1=1[0m
  [4;36;1mSQL (0.0ms)[0m   [0;1m SELECT name
 FROM sqlite_master
 WHERE type = 'table' AND NOT name = 'sqlite_sequence'
[0m
  [4;35;1mSQL (0.0ms)[0m   [0mSELECT version FROM schema_migrations[0m
Migrating to CreateProducts (20110813024622)
  [4;36;1mSQL (0.0ms)[0m   [0;1mselect sqlite_version(*)[0m
  [4;35;1mSQL (78.1ms)[0m   [0mCREATE TABLE "products" ("id" INTEGER PRIMARY KEY AUTOINCREMENT NOT NULL, "title" varchar(255), "description" text, "image_url" varchar(255), "created_at" datetime, "updated_at" datetime) [0m
  [4;36;1mSQL (78.1ms)[0m   [0;1mINSERT INTO schema_migrations (version) VALUES ('20110813024622')[0m
Migrating to AddPriceToProduct (20110813032056)
  [4;35;1mSQL (46.9ms)[0m   [0mALTER TABLE "products" ADD "price" decimal(8,2) DEFAULT 0[0m
  [4;36;1mSQL (78.1ms)[0m   [0;1mVACUUM[0m
  [4;35;1mSQL (46.9ms)[0m   [0mINSERT INTO schema_migrations (version) VALUES ('20110813032056')[0m
Migrating to AddTestData (20110813045003)
  [4;36;1mProduct Delete all (0.0ms)[0m   [0;1mDELETE FROM "products" WHERE 1=1[0m
  [4;35;1mProduct Exists (0.0ms)[0m   [0mSELECT "products".id FROM "products" WHERE ("products"."title" = 'Pragmatic Project Automation') LIMIT 1[0m
  [4;36;1mProduct Exists (0.0ms)[0m   [0;1mSELECT "products".id FROM "products" WHERE ("products"."title" = 'Pragmatic Version Control') LIMIT 1[0m
  [4;35;1mProduct Exists (15.6ms)[0m   [0mSELECT "products".id FROM "products" WHERE ("products"."title" = 'Pragmatic Unit Testing (C#)') LIMIT 1[0m
  [4;36;1mSQL (62.5ms)[0m   [0;1mINSERT INTO schema_migrations (version) VALUES ('20110813045003')[0m
  [4;35;1mSQL (0.0ms)[0m   [0m SELECT name
 FROM sqlite_master
 WHERE type = 'table' AND NOT name = 'sqlite_sequence'
[0m
  [4;36;1mSQL (0.0ms)[0m   [0;1mSELECT version FROM schema_migrations[0m
  [4;35;1mSQL (0.0ms)[0m   [0m SELECT name
 FROM sqlite_master
 WHERE type = 'table' AND NOT name = 'sqlite_sequence'
[0m
  [4;36;1mSQL (0.0ms)[0m   [0;1mPRAGMA index_list("products")[0m
  [4;36;1mSQL (0.0ms)[0m   [0;1m SELECT name
 FROM sqlite_master
 WHERE type = 'table' AND NOT name = 'sqlite_sequence'
[0m
  [4;35;1mSQL (0.0ms)[0m   [0mSELECT version FROM schema_migrations[0m
  [4;36;1mSQL (0.0ms)[0m   [0;1m SELECT name
 FROM sqlite_master
 WHERE type = 'table' AND NOT name = 'sqlite_sequence'
[0m
  [4;35;1mSQL (0.0ms)[0m   [0mSELECT version FROM schema_migrations[0m
Migrating to AddTestData (20110813045003)
  [4;36;1mProduct Delete all (0.0ms)[0m   [0;1mDELETE FROM "products" WHERE 1=1[0m
  [4;35;1mSQL (78.1ms)[0m   [0mDELETE FROM schema_migrations WHERE version = '20110813045003'[0m
Migrating to AddPriceToProduct (20110813032056)
  [4;36;1mSQL (0.0ms)[0m   [0;1mselect sqlite_version(*)[0m
  [4;35;1mSQL (0.0ms)[0m   [0mCREATE TEMPORARY TABLE "altered_products" ("id" INTEGER PRIMARY KEY AUTOINCREMENT NOT NULL, "title" varchar(255), "description" text, "image_url" varchar(255), "created_at" datetime, "updated_at" datetime, "price" decimal DEFAULT 0.0) [0m
  [4;36;1mSQL (0.0ms)[0m   [0;1mPRAGMA index_list("products")[0m
  [4;35;1mSQL (0.0ms)[0m   [0mDROP TABLE "products"[0m
  [4;36;1mSQL (0.0ms)[0m   [0;1mCREATE TABLE "products" ("id" INTEGER PRIMARY KEY AUTOINCREMENT NOT NULL, "title" varchar(255), "description" text, "image_url" varchar(255), "created_at" datetime, "updated_at" datetime) [0m
  [4;35;1mSQL (0.0ms)[0m   [0mPRAGMA index_list("altered_products")[0m
  [4;36;1mSQL (0.0ms)[0m   [0;1mDROP TABLE "altered_products"[0m
  [4;35;1mSQL (93.8ms)[0m   [0mDELETE FROM schema_migrations WHERE version = '20110813032056'[0m
Migrating to CreateProducts (20110813024622)
  [4;36;1mSQL (78.1ms)[0m   [0;1mDROP TABLE "products"[0m
  [4;35;1mSQL (78.1ms)[0m   [0mDELETE FROM schema_migrations WHERE version = '20110813024622'[0m
  [4;36;1mSQL (0.0ms)[0m   [0;1m SELECT name
 FROM sqlite_master
 WHERE type = 'table' AND NOT name = 'sqlite_sequence'
[0m
  [4;35;1mSQL (0.0ms)[0m   [0mSELECT version FROM schema_migrations[0m
  [4;36;1mSQL (0.0ms)[0m   [0;1m SELECT name
 FROM sqlite_master
 WHERE type = 'table' AND NOT name = 'sqlite_sequence'
[0m
  [4;35;1mSQL (0.0ms)[0m   [0m SELECT name
 FROM sqlite_master
 WHERE type = 'table' AND NOT name = 'sqlite_sequence'
[0m
  [4;36;1mSQL (0.0ms)[0m   [0;1mSELECT version FROM schema_migrations[0m
Migrating to CreateProducts (20110813024622)
  [4;35;1mSQL (78.1ms)[0m   [0mCREATE TABLE "products" ("id" INTEGER PRIMARY KEY AUTOINCREMENT NOT NULL, "title" varchar(255), "description" text, "image_url" varchar(255), "created_at" datetime, "updated_at" datetime) [0m
  [4;36;1mSQL (171.9ms)[0m   [0;1mINSERT INTO schema_migrations (version) VALUES ('20110813024622')[0m
Migrating to AddPriceToProduct (20110813032056)
  [4;35;1mSQL (46.9ms)[0m   [0mALTER TABLE "products" ADD "price" decimal(8,2) DEFAULT 0[0m
  [4;36;1mSQL (78.1ms)[0m   [0;1mVACUUM[0m
  [4;35;1mSQL (62.5ms)[0m   [0mINSERT INTO schema_migrations (version) VALUES ('20110813032056')[0m
Migrating to AddTestData (20110813045003)
  [4;36;1mProduct Exists (0.0ms)[0m   [0;1mSELECT "products".id FROM "products" WHERE ("products"."title" = 'Pragmatic Project Automation') LIMIT 1[0m
  [4;35;1mProduct Exists (0.0ms)[0m   [0mSELECT "products".id FROM "products" WHERE ("products"."title" = 'Pragmatic Version Control') LIMIT 1[0m
  [4;36;1mProduct Exists (0.0ms)[0m   [0;1mSELECT "products".id FROM "products" WHERE ("products"."title" = 'Pragmatic Unit Testing (C#)') LIMIT 1[0m
  [4;35;1mSQL (62.5ms)[0m   [0mINSERT INTO schema_migrations (version) VALUES ('20110813045003')[0m
  [4;36;1mSQL (0.0ms)[0m   [0;1m SELECT name
 FROM sqlite_master
 WHERE type = 'table' AND NOT name = 'sqlite_sequence'
[0m
  [4;35;1mSQL (0.0ms)[0m   [0mSELECT version FROM schema_migrations[0m
  [4;36;1mSQL (0.0ms)[0m   [0;1m SELECT name
 FROM sqlite_master
 WHERE type = 'table' AND NOT name = 'sqlite_sequence'
[0m
  [4;35;1mSQL (0.0ms)[0m   [0mSELECT version FROM schema_migrations[0m
Migrating to AddTestData (20110813045003)
  [4;36;1mProduct Delete all (0.0ms)[0m   [0;1mDELETE FROM "products" WHERE 1=1[0m
  [4;35;1mSQL (78.1ms)[0m   [0mDELETE FROM schema_migrations WHERE version = '20110813045003'[0m
  [4;36;1mSQL (0.0ms)[0m   [0;1mselect sqlite_version(*)[0m
  [4;35;1mSQL (0.0ms)[0m   [0m SELECT name
 FROM sqlite_master
 WHERE type = 'table' AND NOT name = 'sqlite_sequence'
[0m
  [4;36;1mSQL (0.0ms)[0m   [0;1mSELECT version FROM schema_migrations[0m
  [4;35;1mSQL (0.0ms)[0m   [0m SELECT name
 FROM sqlite_master
 WHERE type = 'table' AND NOT name = 'sqlite_sequence'
[0m
  [4;36;1mSQL (0.0ms)[0m   [0;1mPRAGMA index_list("products")[0m
  [4;35;1mSQL (0.0ms)[0m   [0m SELECT name
 FROM sqlite_master
 WHERE type = 'table' AND NOT name = 'sqlite_sequence'
[0m
  [4;36;1mSQL (0.0ms)[0m   [0;1mSELECT version FROM schema_migrations[0m
Migrating to CreateProducts (20110813024622)
Migrating to AddPriceToProduct (20110813032056)
Migrating to AddTestData (20110813045003)
  [4;35;1mProduct Exists (0.0ms)[0m   [0mSELECT "products".id FROM "products" WHERE ("products"."title" = 'Pragmatic Project Automation') LIMIT 1[0m
  [4;36;1mProduct Exists (0.0ms)[0m   [0;1mSELECT "products".id FROM "products" WHERE ("products"."title" = 'Pragmatic Version Control') LIMIT 1[0m
  [4;35;1mProduct Exists (0.0ms)[0m   [0mSELECT "products".id FROM "products" WHERE ("products"."title" = 'Pragmatic Unit Testing (C#)') LIMIT 1[0m
  [4;36;1mSQL (62.5ms)[0m   [0;1mINSERT INTO schema_migrations (version) VALUES ('20110813045003')[0m
  [4;36;1mSQL (0.0ms)[0m   [0;1m SELECT name
 FROM sqlite_master
 WHERE type = 'table' AND NOT name = 'sqlite_sequence'
[0m
  [4;35;1mSQL (0.0ms)[0m   [0mSELECT version FROM schema_migrations[0m
  [4;36;1mSQL (0.0ms)[0m   [0;1m SELECT name
 FROM sqlite_master
 WHERE type = 'table' AND NOT name = 'sqlite_sequence'
[0m
  [4;35;1mSQL (0.0ms)[0m   [0mSELECT version FROM schema_migrations[0m
Migrating to AddTestData (20110813045003)
  [4;36;1mProduct Delete all (0.0ms)[0m   [0;1mDELETE FROM "products" WHERE 1=1[0m
  [4;35;1mSQL (78.1ms)[0m   [0mDELETE FROM schema_migrations WHERE version = '20110813045003'[0m
  [4;36;1mSQL (0.0ms)[0m   [0;1mselect sqlite_version(*)[0m
  [4;35;1mSQL (0.0ms)[0m   [0m SELECT name
 FROM sqlite_master
 WHERE type = 'table' AND NOT name = 'sqlite_sequence'
[0m
  [4;36;1mSQL (0.0ms)[0m   [0;1mSELECT version FROM schema_migrations[0m
  [4;35;1mSQL (0.0ms)[0m   [0m SELECT name
 FROM sqlite_master
 WHERE type = 'table' AND NOT name = 'sqlite_sequence'
[0m
  [4;36;1mSQL (0.0ms)[0m   [0;1mPRAGMA index_list("products")[0m
  [4;35;1mSQL (0.0ms)[0m   [0m SELECT name
 FROM sqlite_master
 WHERE type = 'table' AND NOT name = 'sqlite_sequence'
[0m
  [4;36;1mSQL (0.0ms)[0m   [0;1mSELECT version FROM schema_migrations[0m
Migrating to CreateProducts (20110813024622)
Migrating to AddPriceToProduct (20110813032056)
Migrating to AddTestData (20110813045003)
  [4;35;1mProduct Exists (0.0ms)[0m   [0mSELECT "products".id FROM "products" WHERE ("products"."title" = 'Pragmatic Project Automation') LIMIT 1[0m
  [4;36;1mProduct Exists (0.0ms)[0m   [0;1mSELECT "products".id FROM "products" WHERE ("products"."title" = 'Pragmatic Version Control') LIMIT 1[0m
  [4;35;1mProduct Exists (0.0ms)[0m   [0mSELECT "products".id FROM "products" WHERE ("products"."title" = 'Pragmatic Unit Testing (C#)') LIMIT 1[0m
  [4;36;1mSQL (78.1ms)[0m   [0;1mINSERT INTO schema_migrations (version) VALUES ('20110813045003')[0m
  [4;36;1mSQL (0.0ms)[0m   [0;1m SELECT name
 FROM sqlite_master
 WHERE type = 'table' AND NOT name = 'sqlite_sequence'
[0m
  [4;35;1mSQL (0.0ms)[0m   [0mSELECT version FROM schema_migrations[0m
  [4;36;1mSQL (0.0ms)[0m   [0;1m SELECT name
 FROM sqlite_master
 WHERE type = 'table' AND NOT name = 'sqlite_sequence'
[0m
  [4;35;1mSQL (0.0ms)[0m   [0mSELECT version FROM schema_migrations[0m
Migrating to AddTestData (20110813045003)
  [4;36;1mProduct Delete all (0.0ms)[0m   [0;1mDELETE FROM "products" WHERE 1=1[0m
  [4;35;1mSQL (78.1ms)[0m   [0mDELETE FROM schema_migrations WHERE version = '20110813045003'[0m
  [4;36;1mSQL (0.0ms)[0m   [0;1mselect sqlite_version(*)[0m
  [4;35;1mSQL (0.0ms)[0m   [0m SELECT name
 FROM sqlite_master
 WHERE type = 'table' AND NOT name = 'sqlite_sequence'
[0m
  [4;36;1mSQL (0.0ms)[0m   [0;1mSELECT version FROM schema_migrations[0m
  [4;35;1mSQL (0.0ms)[0m   [0m SELECT name
 FROM sqlite_master
 WHERE type = 'table' AND NOT name = 'sqlite_sequence'
[0m
  [4;36;1mSQL (0.0ms)[0m   [0;1mPRAGMA index_list("products")[0m
  [4;35;1mSQL (15.6ms)[0m   [0m SELECT name
 FROM sqlite_master
 WHERE type = 'table' AND NOT name = 'sqlite_sequence'
[0m
  [4;36;1mSQL (0.0ms)[0m   [0;1mSELECT version FROM schema_migrations[0m
Migrating to CreateProducts (20110813024622)
Migrating to AddPriceToProduct (20110813032056)
Migrating to AddTestData (20110813045003)
  [4;35;1mSQL (0.0ms)[0m   [0m SELECT name
 FROM sqlite_master
 WHERE type = 'table' AND NOT name = 'sqlite_sequence'
[0m
  [4;36;1mSQL (0.0ms)[0m   [0;1m SELECT name
 FROM sqlite_master
 WHERE type = 'table' AND NOT name = 'sqlite_sequence'
[0m
  [4;35;1mSQL (0.0ms)[0m   [0mSELECT version FROM schema_migrations[0m
  [4;36;1mSQL (0.0ms)[0m   [0;1m SELECT name
 FROM sqlite_master
 WHERE type = 'table' AND NOT name = 'sqlite_sequence'
[0m
  [4;35;1mSQL (0.0ms)[0m   [0mSELECT version FROM schema_migrations[0m
Migrating to AddPriceToProduct (20110813032056)
  [4;36;1mSQL (0.0ms)[0m   [0;1mselect sqlite_version(*)[0m
  [4;35;1mSQL (0.0ms)[0m   [0mCREATE TEMPORARY TABLE "altered_products" ("id" INTEGER PRIMARY KEY AUTOINCREMENT NOT NULL, "title" varchar(255), "description" text, "image_url" varchar(255), "created_at" datetime, "updated_at" datetime, "price" decimal DEFAULT 0.0) [0m
  [4;36;1mSQL (0.0ms)[0m   [0;1mPRAGMA index_list("products")[0m
  [4;35;1mSQL (0.0ms)[0m   [0mDROP TABLE "products"[0m
  [4;36;1mSQL (0.0ms)[0m   [0;1mCREATE TABLE "products" ("id" INTEGER PRIMARY KEY AUTOINCREMENT NOT NULL, "title" varchar(255), "description" text, "image_url" varchar(255), "created_at" datetime, "updated_at" datetime) [0m
  [4;35;1mSQL (0.0ms)[0m   [0mPRAGMA index_list("altered_products")[0m
  [4;36;1mSQL (0.0ms)[0m   [0;1mDROP TABLE "altered_products"[0m
  [4;35;1mSQL (93.8ms)[0m   [0mDELETE FROM schema_migrations WHERE version = '20110813032056'[0m
  [4;36;1mSQL (0.0ms)[0m   [0;1m SELECT name
 FROM sqlite_master
 WHERE type = 'table' AND NOT name = 'sqlite_sequence'
[0m
  [4;35;1mSQL (0.0ms)[0m   [0mSELECT version FROM schema_migrations[0m
  [4;36;1mSQL (0.0ms)[0m   [0;1m SELECT name
 FROM sqlite_master
 WHERE type = 'table' AND NOT name = 'sqlite_sequence'
[0m
  [4;35;1mSQL (0.0ms)[0m   [0mPRAGMA index_list("products")[0m
  [4;36;1mSQL (0.0ms)[0m   [0;1m SELECT name
 FROM sqlite_master
 WHERE type = 'table' AND NOT name = 'sqlite_sequence'
[0m
  [4;35;1mSQL (0.0ms)[0m   [0mSELECT version FROM schema_migrations[0m
Migrating to CreateProducts (20110813024622)
Migrating to AddPriceToProduct (20110813032056)
  [4;36;1mSQL (78.1ms)[0m   [0;1mALTER TABLE "products" ADD "price" decimal(8,2) DEFAULT 0[0m
  [4;35;1mSQL (78.1ms)[0m   [0mVACUUM[0m
  [4;36;1mSQL (62.5ms)[0m   [0;1mINSERT INTO schema_migrations (version) VALUES ('20110813032056')[0m
Migrating to AddTestData (20110813045003)
  [4;35;1mSQL (0.0ms)[0m   [0m SELECT name
 FROM sqlite_master
 WHERE type = 'table' AND NOT name = 'sqlite_sequence'
[0m
  [4;36;1mSQL (0.0ms)[0m   [0;1m SELECT name
 FROM sqlite_master
 WHERE type = 'table' AND NOT name = 'sqlite_sequence'
[0m
  [4;35;1mSQL (0.0ms)[0m   [0mSELECT version FROM schema_migrations[0m
  [4;36;1mSQL (0.0ms)[0m   [0;1m SELECT name
 FROM sqlite_master
 WHERE type = 'table' AND NOT name = 'sqlite_sequence'
[0m
  [4;35;1mSQL (0.0ms)[0m   [0mSELECT version FROM schema_migrations[0m
Migrating to AddPriceToProduct (20110813032056)
  [4;36;1mSQL (0.0ms)[0m   [0;1mselect sqlite_version(*)[0m
  [4;35;1mSQL (0.0ms)[0m   [0mCREATE TEMPORARY TABLE "altered_products" ("id" INTEGER PRIMARY KEY AUTOINCREMENT NOT NULL, "title" varchar(255), "description" text, "image_url" varchar(255), "created_at" datetime, "updated_at" datetime, "price" decimal DEFAULT 0.0) [0m
  [4;36;1mSQL (0.0ms)[0m   [0;1mPRAGMA index_list("products")[0m
  [4;35;1mSQL (0.0ms)[0m   [0mDROP TABLE "products"[0m
  [4;36;1mSQL (0.0ms)[0m   [0;1mCREATE TABLE "products" ("id" INTEGER PRIMARY KEY AUTOINCREMENT NOT NULL, "title" varchar(255), "description" text, "image_url" varchar(255), "created_at" datetime, "updated_at" datetime) [0m
  [4;35;1mSQL (0.0ms)[0m   [0mPRAGMA index_list("altered_products")[0m
  [4;36;1mSQL (0.0ms)[0m   [0;1mDROP TABLE "altered_products"[0m
  [4;35;1mSQL (78.1ms)[0m   [0mDELETE FROM schema_migrations WHERE version = '20110813032056'[0m
  [4;36;1mSQL (0.0ms)[0m   [0;1m SELECT name
 FROM sqlite_master
 WHERE type = 'table' AND NOT name = 'sqlite_sequence'
[0m
  [4;35;1mSQL (0.0ms)[0m   [0mSELECT version FROM schema_migrations[0m
  [4;36;1mSQL (0.0ms)[0m   [0;1m SELECT name
 FROM sqlite_master
 WHERE type = 'table' AND NOT name = 'sqlite_sequence'
[0m
  [4;35;1mSQL (0.0ms)[0m   [0mPRAGMA index_list("products")[0m
  [4;36;1mSQL (0.0ms)[0m   [0;1m SELECT name
 FROM sqlite_master
 WHERE type = 'table' AND NOT name = 'sqlite_sequence'
[0m
  [4;35;1mSQL (0.0ms)[0m   [0mSELECT version FROM schema_migrations[0m
Migrating to CreateProducts (20110813024622)
Migrating to AddPriceToProduct (20110813032056)
  [4;36;1mSQL (78.1ms)[0m   [0;1mALTER TABLE "products" ADD "price" decimal(8,2) DEFAULT 0[0m
  [4;35;1mSQL (78.1ms)[0m   [0mVACUUM[0m
  [4;36;1mSQL (125.0ms)[0m   [0;1mINSERT INTO schema_migrations (version) VALUES ('20110813032056')[0m
Migrating to AddTestData (20110813045003)
  [4;35;1mSQL (0.0ms)[0m   [0m SELECT name
 FROM sqlite_master
 WHERE type = 'table' AND NOT name = 'sqlite_sequence'
[0m
  [4;36;1mSQL (0.0ms)[0m   [0;1m SELECT name
 FROM sqlite_master
 WHERE type = 'table' AND NOT name = 'sqlite_sequence'
[0m
  [4;35;1mSQL (0.0ms)[0m   [0mSELECT version FROM schema_migrations[0m
  [4;36;1mSQL (0.0ms)[0m   [0;1m SELECT name
 FROM sqlite_master
 WHERE type = 'table' AND NOT name = 'sqlite_sequence'
[0m
  [4;35;1mSQL (0.0ms)[0m   [0mSELECT version FROM schema_migrations[0m
Migrating to AddPriceToProduct (20110813032056)
  [4;36;1mSQL (0.0ms)[0m   [0;1mselect sqlite_version(*)[0m
  [4;35;1mSQL (0.0ms)[0m   [0mCREATE TEMPORARY TABLE "altered_products" ("id" INTEGER PRIMARY KEY AUTOINCREMENT NOT NULL, "title" varchar(255), "description" text, "image_url" varchar(255), "created_at" datetime, "updated_at" datetime, "price" decimal DEFAULT 0.0) [0m
  [4;36;1mSQL (0.0ms)[0m   [0;1mPRAGMA index_list("products")[0m
  [4;35;1mSQL (0.0ms)[0m   [0mDROP TABLE "products"[0m
  [4;36;1mSQL (0.0ms)[0m   [0;1mCREATE TABLE "products" ("id" INTEGER PRIMARY KEY AUTOINCREMENT NOT NULL, "title" varchar(255), "description" text, "image_url" varchar(255), "created_at" datetime, "updated_at" datetime) [0m
  [4;35;1mSQL (0.0ms)[0m   [0mPRAGMA index_list("altered_products")[0m
  [4;36;1mSQL (0.0ms)[0m   [0;1mDROP TABLE "altered_products"[0m
  [4;35;1mSQL (93.8ms)[0m   [0mDELETE FROM schema_migrations WHERE version = '20110813032056'[0m
  [4;36;1mSQL (0.0ms)[0m   [0;1m SELECT name
 FROM sqlite_master
 WHERE type = 'table' AND NOT name = 'sqlite_sequence'
[0m
  [4;35;1mSQL (0.0ms)[0m   [0mSELECT version FROM schema_migrations[0m
  [4;36;1mSQL (0.0ms)[0m   [0;1m SELECT name
 FROM sqlite_master
 WHERE type = 'table' AND NOT name = 'sqlite_sequence'
[0m
  [4;35;1mSQL (0.0ms)[0m   [0mPRAGMA index_list("products")[0m
  [4;36;1mSQL (0.0ms)[0m   [0;1m SELECT name
 FROM sqlite_master
 WHERE type = 'table' AND NOT name = 'sqlite_sequence'
[0m
  [4;35;1mSQL (0.0ms)[0m   [0mSELECT version FROM schema_migrations[0m
Migrating to CreateProducts (20110813024622)
Migrating to AddPriceToProduct (20110813032056)
  [4;36;1mSQL (46.9ms)[0m   [0;1mALTER TABLE "products" ADD "price" decimal(8,2) DEFAULT 0[0m
  [4;35;1mSQL (62.5ms)[0m   [0mVACUUM[0m
  [4;36;1mSQL (62.5ms)[0m   [0;1mINSERT INTO schema_migrations (version) VALUES ('20110813032056')[0m
Migrating to AddTestData (20110813045003)
  [4;35;1mProduct Create (0.0ms)[0m   [0mINSERT INTO "products" ("price", "created_at", "title", "image_url", "updated_at", "description") VALUES(29.95, '2011-08-13 08:10:28', 'Pragmatic Project Automation', '/images/auto.jpg', '2011-08-13 08:10:28', '<p>
 <em>Pragmatic Project Automation</em> shows you how to improve the 
 consistency and repeatability of your project''s procedures using 
 automation to reduce risk and errors.
 </p>
 <p>
 Simply put, we''re going to put this thing called a computer to work 
 for you doing the mundane (but important) project stuff. That means 
 you''ll have more time and energy to do the really 
 exciting---and difficult---stuff, like writing quality code.
 </p>')[0m
  [4;36;1mProduct Create (0.0ms)[0m   [0;1mINSERT INTO "products" ("price", "created_at", "title", "image_url", "updated_at", "description") VALUES(28.5, '2011-08-13 08:10:28', 'Pragmatic Version Control', '/images/svn.jpg', '2011-08-13 08:10:28', '<p>
 This book is a recipe-based approach to using Subversion that will 
 get you up and running quickly---and correctly. All projects need
 version control: it''s a foundational piece of any project''s 
 infrastructure. Yet half of all project teams in the U.S. don''t use
 any version control at all. Many others don''t use it well, and end 
 up experiencing time-consuming problems.
 </p>')[0m
  [4;35;1mProduct Create (0.0ms)[0m   [0mINSERT INTO "products" ("price", "created_at", "title", "image_url", "updated_at", "description") VALUES(27.75, '2011-08-13 08:10:28', 'Pragmatic Unit Testing (C#)', '/images/utc.jpg', '2011-08-13 08:10:28', '<p>
 Pragmatic programmers use feedback to drive their development and 
 personal processes. The most valuable feedback you can get while 
 coding comes from unit testing.
 </p>
 <p>
 Without good tests in place, coding can become a frustrating game of 
 "whack-a-mole." That''s the carnival game where the player strikes at a 
 mechanical mole; it retreats and another mole pops up on the opposite side 
 of the field. The moles pop up and down so fast that you end up flailing 
 your mallet helplessly as the moles continue to pop up where you least 
 expect them.
 </p>')[0m
  [4;36;1mSQL (62.5ms)[0m   [0;1mINSERT INTO schema_migrations (version) VALUES ('20110813045003')[0m


Processing ProductsController#index (for 127.0.0.1 at 2011-08-13 16:12:45) [GET]
  [4;36;1mProduct Load (0.0ms)[0m   [0;1mSELECT * FROM "products" [0m
Rendering template within layouts/products
Rendering products/index
Completed in 47ms (View: 47, DB: 0) | 200 OK [http://localhost/products]
